<?xml version="1.0" encoding="UTF-8"?>
<!-- Generated by org.testng.reporters.JUnitReportReporter -->
<testsuite skipped="0" hostname="Aspire1484" name="com.qa.test.testConcepts" tests="1" failures="0" timestamp="05 Mar 2018 07:12:18 GMT" time="0.007" errors="0">
  <testcase name="testPrint" time="0.007" classname="com.qa.test.testConcepts"/>
</testsuite> <!-- com.qa.test.testConcepts -->
