<?xml version="1.0" encoding="UTF-8"?>
<!-- Generated by org.testng.reporters.JUnitReportReporter -->
<testsuite skipped="0" hostname="Aspire1484" name="com.qa.test.testConcepts" tests="6" failures="0" timestamp="27 Feb 2018 10:04:57 GMT" time="0.018" errors="0">
  <testcase name="removeDuplicate" time="0.001" classname="com.qa.test.testConcepts"/>
  <testcase name="secondLargest" time="0.002" classname="com.qa.test.testConcepts"/>
  <testcase name="reverseString" time="0.001" classname="com.qa.test.testConcepts"/>
  <testcase name="SeparateZerosFromNonZeros" time="0.002" classname="com.qa.test.testConcepts"/>
  <testcase name="sumofPair" time="0.005" classname="com.qa.test.testConcepts"/>
  <testcase name="ReverseStringSwap" time="0.007" classname="com.qa.test.testConcepts"/>
</testsuite> <!-- com.qa.test.testConcepts -->
